0 info it worked if it ends with ok
1 verbose cli [ '/Users/williamharmon/.nvm/versions/node/v6.9.0/bin/node',
1 verbose cli   '/Users/williamharmon/.nvm/versions/node/v6.9.0/bin/npm',
1 verbose cli   'run',
1 verbose cli   'lint' ]
2 info using npm@3.10.8
3 info using node@v6.9.0
4 verbose run-script [ 'prelint', 'lint', 'postlint' ]
5 info lifecycle @code-dot-org/craft@0.0.1~prelint: @code-dot-org/craft@0.0.1
6 silly lifecycle @code-dot-org/craft@0.0.1~prelint: no script for prelint, continuing
7 info lifecycle @code-dot-org/craft@0.0.1~lint: @code-dot-org/craft@0.0.1
8 verbose lifecycle @code-dot-org/craft@0.0.1~lint: unsafe-perm in lifecycle true
9 verbose lifecycle @code-dot-org/craft@0.0.1~lint: PATH: /Users/williamharmon/.nvm/versions/node/v6.9.0/lib/node_modules/npm/bin/node-gyp-bin:/Users/williamharmon/Desktop/craft-private/node_modules/.bin:/usr/local/Cellar/git/2.10.2/libexec/git-core:/Users/williamharmon/.yarn/bin:/Users/williamharmon/.nvm/versions/node/v6.9.0/bin:/Users/williamharmon/.rbenv/shims:/usr/local/bin:/usr/bin:/bin:/usr/sbin:/sbin:/Library/Frameworks/Mono.framework/Versions/Current/Commands
10 verbose lifecycle @code-dot-org/craft@0.0.1~lint: CWD: /Users/williamharmon/Desktop/craft-private
11 silly lifecycle @code-dot-org/craft@0.0.1~lint: Args: [ '-c', 'eslint --ext .js src/js test' ]
12 silly lifecycle @code-dot-org/craft@0.0.1~lint: Returned: code: 1  signal: null
13 info lifecycle @code-dot-org/craft@0.0.1~lint: Failed to exec lint script
14 verbose stack Error: @code-dot-org/craft@0.0.1 lint: `eslint --ext .js src/js test`
14 verbose stack Exit status 1
14 verbose stack     at EventEmitter.<anonymous> (/Users/williamharmon/.nvm/versions/node/v6.9.0/lib/node_modules/npm/lib/utils/lifecycle.js:255:16)
14 verbose stack     at emitTwo (events.js:106:13)
14 verbose stack     at EventEmitter.emit (events.js:191:7)
14 verbose stack     at ChildProcess.<anonymous> (/Users/williamharmon/.nvm/versions/node/v6.9.0/lib/node_modules/npm/lib/utils/spawn.js:40:14)
14 verbose stack     at emitTwo (events.js:106:13)
14 verbose stack     at ChildProcess.emit (events.js:191:7)
14 verbose stack     at maybeClose (internal/child_process.js:877:16)
14 verbose stack     at Process.ChildProcess._handle.onexit (internal/child_process.js:226:5)
15 verbose pkgid @code-dot-org/craft@0.0.1
16 verbose cwd /Users/williamharmon/Desktop/craft-private
17 error Darwin 16.7.0
18 error argv "/Users/williamharmon/.nvm/versions/node/v6.9.0/bin/node" "/Users/williamharmon/.nvm/versions/node/v6.9.0/bin/npm" "run" "lint"
19 error node v6.9.0
20 error npm  v3.10.8
21 error code ELIFECYCLE
22 error @code-dot-org/craft@0.0.1 lint: `eslint --ext .js src/js test`
22 error Exit status 1
23 error Failed at the @code-dot-org/craft@0.0.1 lint script 'eslint --ext .js src/js test'.
23 error Make sure you have the latest version of node.js and npm installed.
23 error If you do, this is most likely a problem with the @code-dot-org/craft package,
23 error not with npm itself.
23 error Tell the author that this fails on your system:
23 error     eslint --ext .js src/js test
23 error You can get information on how to open an issue for this project with:
23 error     npm bugs @code-dot-org/craft
23 error Or if that isn't available, you can get their info via:
23 error     npm owner ls @code-dot-org/craft
23 error There is likely additional logging output above.
24 verbose exit [ 1, true ]
