0 info it worked if it ends with ok
1 verbose cli [ '/home/elijah/.nvm/versions/node/v6.9.0/bin/node',
1 verbose cli   '/home/elijah/.nvm/versions/node/v6.9.0/bin/npm',
1 verbose cli   'run',
1 verbose cli   'test' ]
2 info using npm@3.10.8
3 info using node@v6.9.0
4 verbose run-script [ 'pretest', 'test', 'posttest' ]
5 info lifecycle @code-dot-org/craft@0.0.2~pretest: @code-dot-org/craft@0.0.2
6 silly lifecycle @code-dot-org/craft@0.0.2~pretest: no script for pretest, continuing
7 info lifecycle @code-dot-org/craft@0.0.2~test: @code-dot-org/craft@0.0.2
8 verbose lifecycle @code-dot-org/craft@0.0.2~test: unsafe-perm in lifecycle true
9 verbose lifecycle @code-dot-org/craft@0.0.2~test: PATH: /home/elijah/.nvm/versions/node/v6.9.0/lib/node_modules/npm/bin/node-gyp-bin:/home/elijah/projects/code.org/craft/node_modules/.bin:/home/elijah/.nvm/versions/node/v6.9.0/bin:/home/elijah/.rbenv/shims:/home/elijah/bin:/home/elijah/bin/node_modules/.bin:node_modules/.bin:/home/elijah/.rbenv/bin:/usr/local/bin:/usr/bin:/bin:/usr/sbin:/sbin:/usr/X11/bin:/usr/local/git/bin:/bin
10 verbose lifecycle @code-dot-org/craft@0.0.2~test: CWD: /home/elijah/projects/code.org/craft
11 silly lifecycle @code-dot-org/craft@0.0.2~test: Args: [ '-c',
11 silly lifecycle   'npm run lint && npm run test:unit && npm run test:integration' ]
12 silly lifecycle @code-dot-org/craft@0.0.2~test: Returned: code: 1  signal: null
13 info lifecycle @code-dot-org/craft@0.0.2~test: Failed to exec test script
14 verbose stack Error: @code-dot-org/craft@0.0.2 test: `npm run lint && npm run test:unit && npm run test:integration`
14 verbose stack Exit status 1
14 verbose stack     at EventEmitter.<anonymous> (/home/elijah/.nvm/versions/node/v6.9.0/lib/node_modules/npm/lib/utils/lifecycle.js:255:16)
14 verbose stack     at emitTwo (events.js:106:13)
14 verbose stack     at EventEmitter.emit (events.js:191:7)
14 verbose stack     at ChildProcess.<anonymous> (/home/elijah/.nvm/versions/node/v6.9.0/lib/node_modules/npm/lib/utils/spawn.js:40:14)
14 verbose stack     at emitTwo (events.js:106:13)
14 verbose stack     at ChildProcess.emit (events.js:191:7)
14 verbose stack     at maybeClose (internal/child_process.js:877:16)
14 verbose stack     at Process.ChildProcess._handle.onexit (internal/child_process.js:226:5)
15 verbose pkgid @code-dot-org/craft@0.0.2
16 verbose cwd /home/elijah/projects/code.org/craft/src/js/game
17 error Linux 3.16.0-4-amd64
18 error argv "/home/elijah/.nvm/versions/node/v6.9.0/bin/node" "/home/elijah/.nvm/versions/node/v6.9.0/bin/npm" "run" "test"
19 error node v6.9.0
20 error npm  v3.10.8
21 error code ELIFECYCLE
22 error @code-dot-org/craft@0.0.2 test: `npm run lint && npm run test:unit && npm run test:integration`
22 error Exit status 1
23 error Failed at the @code-dot-org/craft@0.0.2 test script 'npm run lint && npm run test:unit && npm run test:integration'.
23 error Make sure you have the latest version of node.js and npm installed.
23 error If you do, this is most likely a problem with the @code-dot-org/craft package,
23 error not with npm itself.
23 error Tell the author that this fails on your system:
23 error     npm run lint && npm run test:unit && npm run test:integration
23 error You can get information on how to open an issue for this project with:
23 error     npm bugs @code-dot-org/craft
23 error Or if that isn't available, you can get their info via:
23 error     npm owner ls @code-dot-org/craft
23 error There is likely additional logging output above.
24 verbose exit [ 1, true ]
